<?xml version="1.0" encoding="UTF-8"?>
<!-- Generated by org.testng.reporters.JUnitReportReporter -->
<testsuite hostname="Richys-MacBook-Air.local" failures="0" tests="2" name="OrangeHRM.DataDrivenTesting" time="38.068" errors="0" timestamp="2025-05-10T14:49:16 IST" skipped="0">
  <testcase classname="OrangeHRM.DataDrivenTesting" name="login" time="19.331"/>
  <testcase classname="OrangeHRM.DataDrivenTesting" name="login" time="18.737"/>
</testsuite> <!-- OrangeHRM.DataDrivenTesting -->
